<?xml version="1.0" encoding="UTF-8"?>
<!-- Generated by org.testng.reporters.JUnitReportReporter -->
<testsuite hostname="mech.local" failures="0" tests="1" name="project.agri.Main" time="43.194" errors="0" timestamp="22 Mar 2021 19:06:27 GMT" skipped="0">
  <testcase classname="project.agri.Main" name="test" time="43.194"/>
</testsuite> <!-- project.agri.Main -->
