<?xml version="1.0" encoding="UTF-8"?>
<!-- Generated by org.testng.reporters.JUnitReportReporter -->
<testsuite hostname="mech.local" failures="0" tests="1" name="agri.crop.Main" time="45.332" errors="0" timestamp="14 Mar 2021 21:53:21 GMT" skipped="0">
  <testcase classname="agri.crop.Main" name="test" time="45.332"/>
</testsuite> <!-- agri.crop.Main -->
