<?xml version="1.0" encoding="UTF-8"?>
<!-- Generated by org.testng.reporters.JUnitReportReporter -->
<testsuite hostname="mech.local" failures="0" tests="1" name="project.agri.Main" time="44.840" errors="0" timestamp="22 Mar 2021 15:11:16 GMT" skipped="0">
  <testcase classname="project.agri.Main" name="test" time="44.840"/>
</testsuite> <!-- project.agri.Main -->
