<?xml version="1.0" encoding="UTF-8"?>
<testsuite xmlns:xsi="http://www.w3.org/2001/XMLSchema-instance" xsi:noNamespaceSchemaLocation="https://maven.apache.org/surefire/maven-surefire-plugin/xsd/surefire-test-report-3.0.xsd" version="3.0" name="TestSuite" time="11.883" tests="2" errors="0" skipped="0" failures="2">
  <properties>
    <property name="gopherProxySet" value="false"/>
    <property name="awt.toolkit" value="sun.lwawt.macosx.LWCToolkit"/>
    <property name="java.specification.version" value="10"/>
    <property name="file.encoding.pkg" value="sun.io"/>
    <property name="webdriver.chrome.driver" value="/Users/madan mohan reddy/Desktop/selenium-java-3.141.59/chromedriver"/>
    <property name="sun.cpu.isalist" value=""/>
    <property name="sun.jnu.encoding" value="UTF-8"/>
    <property name="java.class.path" value="/Users/madan mohan reddy/Pictures/agri_group_admin/crop/target/test-classes:/Users/madan mohan reddy/Pictures/agri_group_admin/crop/target/classes:/Users/madan mohan reddy/.m2/repository/org/seleniumhq/selenium/selenium-server/3.14.0/selenium-server-3.14.0.jar:/Users/madan mohan reddy/.m2/repository/org/seleniumhq/selenium/selenium-api/3.14.0/selenium-api-3.14.0.jar:/Users/madan mohan reddy/.m2/repository/org/seleniumhq/selenium/selenium-chrome-driver/3.14.0/selenium-chrome-driver-3.14.0.jar:/Users/madan mohan reddy/.m2/repository/org/seleniumhq/selenium/selenium-edge-driver/3.14.0/selenium-edge-driver-3.14.0.jar:/Users/madan mohan reddy/.m2/repository/org/seleniumhq/selenium/selenium-firefox-driver/3.14.0/selenium-firefox-driver-3.14.0.jar:/Users/madan mohan reddy/.m2/repository/org/seleniumhq/selenium/selenium-ie-driver/3.14.0/selenium-ie-driver-3.14.0.jar:/Users/madan mohan reddy/.m2/repository/org/seleniumhq/selenium/selenium-opera-driver/3.14.0/selenium-opera-driver-3.14.0.jar:/Users/madan mohan reddy/.m2/repository/org/seleniumhq/selenium/selenium-remote-driver/3.14.0/selenium-remote-driver-3.14.0.jar:/Users/madan mohan reddy/.m2/repository/org/seleniumhq/selenium/selenium-safari-driver/3.14.0/selenium-safari-driver-3.14.0.jar:/Users/madan mohan reddy/.m2/repository/org/seleniumhq/selenium/selenium-support/3.14.0/selenium-support-3.14.0.jar:/Users/madan mohan reddy/.m2/repository/com/beust/jcommander/1.72/jcommander-1.72.jar:/Users/madan mohan reddy/.m2/repository/net/bytebuddy/byte-buddy/1.8.15/byte-buddy-1.8.15.jar:/Users/madan mohan reddy/.m2/repository/org/apache/commons/commons-exec/1.3/commons-exec-1.3.jar:/Users/madan mohan reddy/.m2/repository/org/apache/commons/commons-lang3/3.7/commons-lang3-3.7.jar:/Users/madan mohan reddy/.m2/repository/org/apache/commons/commons-text/1.1/commons-text-1.1.jar:/Users/madan mohan reddy/.m2/repository/commons-codec/commons-codec/1.10/commons-codec-1.10.jar:/Users/madan mohan reddy/.m2/repository/commons-io/commons-io/2.6/commons-io-2.6.jar:/Users/madan mohan reddy/.m2/repository/commons-logging/commons-logging/1.2/commons-logging-1.2.jar:/Users/madan mohan reddy/.m2/repository/commons-net/commons-net/3.6/commons-net-3.6.jar:/Users/madan mohan reddy/.m2/repository/com/google/guava/guava/25.0-jre/guava-25.0-jre.jar:/Users/madan mohan reddy/.m2/repository/com/google/code/findbugs/jsr305/1.3.9/jsr305-1.3.9.jar:/Users/madan mohan reddy/.m2/repository/org/checkerframework/checker-compat-qual/2.0.0/checker-compat-qual-2.0.0.jar:/Users/madan mohan reddy/.m2/repository/com/google/errorprone/error_prone_annotations/2.1.3/error_prone_annotations-2.1.3.jar:/Users/madan mohan reddy/.m2/repository/com/google/j2objc/j2objc-annotations/1.1/j2objc-annotations-1.1.jar:/Users/madan mohan reddy/.m2/repository/org/codehaus/mojo/animal-sniffer-annotations/1.14/animal-sniffer-annotations-1.14.jar:/Users/madan mohan reddy/.m2/repository/net/sourceforge/htmlunit/htmlunit/2.30/htmlunit-2.30.jar:/Users/madan mohan reddy/.m2/repository/net/sourceforge/htmlunit/htmlunit-core-js/2.28/htmlunit-core-js-2.28.jar:/Users/madan mohan reddy/.m2/repository/net/sourceforge/htmlunit/htmlunit-cssparser/1.0.0/htmlunit-cssparser-1.0.0.jar:/Users/madan mohan reddy/.m2/repository/net/sourceforge/htmlunit/neko-htmlunit/2.30/neko-htmlunit-2.30.jar:/Users/madan mohan reddy/.m2/repository/org/apache/httpcomponents/httpclient/4.5.5/httpclient-4.5.5.jar:/Users/madan mohan reddy/.m2/repository/org/apache/httpcomponents/httpcore/4.4.9/httpcore-4.4.9.jar:/Users/madan mohan reddy/.m2/repository/org/apache/httpcomponents/httpmime/4.5.5/httpmime-4.5.5.jar:/Users/madan mohan reddy/.m2/repository/net/jcip/jcip-annotations/1.0/jcip-annotations-1.0.jar:/Users/madan mohan reddy/.m2/repository/org/seleniumhq/selenium/jetty-repacked/9.4.8.v20180619/jetty-repacked-9.4.8.v20180619.jar:/Users/madan mohan reddy/.m2/repository/org/eclipse/jetty/jetty-client/9.4.8.v20180619/jetty-client-9.4.8.v20180619.jar:/Users/madan mohan reddy/.m2/repository/org/eclipse/jetty/jetty-http/9.4.8.v20180619/jetty-http-9.4.8.v20180619.jar:/Users/madan mohan reddy/.m2/repository/org/eclipse/jetty/jetty-io/9.4.8.v20180619/jetty-io-9.4.8.v20180619.jar:/Users/madan mohan reddy/.m2/repository/org/eclipse/jetty/jetty-util/9.4.8.v20180619/jetty-util-9.4.8.v20180619.jar:/Users/madan mohan reddy/.m2/repository/org/eclipse/jetty/jetty-xml/9.4.8.v20180619/jetty-xml-9.4.8.v20180619.jar:/Users/madan mohan reddy/.m2/repository/com/squareup/okhttp3/okhttp/3.10.0/okhttp-3.10.0.jar:/Users/madan mohan reddy/.m2/repository/com/squareup/okio/okio/1.14.1/okio-1.14.1.jar:/Users/madan mohan reddy/.m2/repository/org/seleniumhq/selenium/htmlunit-driver/2.30.0/htmlunit-driver-2.30.0.jar:/Users/madan mohan reddy/.m2/repository/javax/servlet/javax.servlet-api/3.1.0/javax.servlet-api-3.1.0.jar:/Users/madan mohan reddy/.m2/repository/org/eclipse/jetty/websocket/websocket-api/9.4.8.v20180619/websocket-api-9.4.8.v20180619.jar:/Users/madan mohan reddy/.m2/repository/org/eclipse/jetty/websocket/websocket-client/9.4.8.v20180619/websocket-client-9.4.8.v20180619.jar:/Users/madan mohan reddy/.m2/repository/org/eclipse/jetty/websocket/websocket-common/9.4.8.v20180619/websocket-common-9.4.8.v20180619.jar:/Users/madan mohan reddy/.m2/repository/xalan/serializer/2.7.2/serializer-2.7.2.jar:/Users/madan mohan reddy/.m2/repository/xalan/xalan/2.7.2/xalan-2.7.2.jar:/Users/madan mohan reddy/.m2/repository/xerces/xercesImpl/2.11.0/xercesImpl-2.11.0.jar:/Users/madan mohan reddy/.m2/repository/xml-apis/xml-apis/1.4.01/xml-apis-1.4.01.jar:/Users/madan mohan reddy/.m2/repository/org/yaml/snakeyaml/1.19/snakeyaml-1.19.jar:/Users/madan mohan reddy/.m2/repository/com/aventstack/extentreports/3.1.5/extentreports-3.1.5.jar:/Users/madan mohan reddy/.m2/repository/org/freemarker/freemarker/2.3.23/freemarker-2.3.23.jar:/Users/madan mohan reddy/.m2/repository/org/mongodb/mongodb-driver/3.3.0/mongodb-driver-3.3.0.jar:/Users/madan mohan reddy/.m2/repository/org/mongodb/bson/3.3.0/bson-3.3.0.jar:/Users/madan mohan reddy/.m2/repository/org/mongodb/mongodb-driver-core/3.3.0/mongodb-driver-core-3.3.0.jar:/Users/madan mohan reddy/.m2/repository/org/jsoup/jsoup/1.9.2/jsoup-1.9.2.jar:/Users/madan mohan reddy/.m2/repository/com/google/code/gson/gson/2.8.0/gson-2.8.0.jar:/Users/madan mohan reddy/.m2/repository/org/seleniumhq/selenium/selenium-java/3.14.0/selenium-java-3.14.0.jar:/Users/madan mohan reddy/.m2/repository/org/testng/testng/6.14.3/testng-6.14.3.jar:/Users/madan mohan reddy/.m2/repository/org/apache-extras/beanshell/bsh/2.0b6/bsh-2.0b6.jar:/Users/madan mohan reddy/.m2/repository/org/catools/extentreport/0.1.46/extentreport-0.1.46.jar:/Users/madan mohan reddy/.m2/repository/org/catools/common.testng/0.1.46/common.testng-0.1.46.jar:/Users/madan mohan reddy/.m2/repository/org/catools/common.logger/0.1.46/common.logger-0.1.46.jar:/Users/madan mohan reddy/.m2/repository/org/catools/common.utils/0.1.46/common.utils-0.1.46.jar:/Users/madan mohan reddy/.m2/repository/org/catools/common.config/0.1.46/common.config-0.1.46.jar:/Users/madan mohan reddy/.m2/repository/org/catools/common.extension/0.1.46/common.extension-0.1.46.jar:/Users/madan mohan reddy/.m2/repository/org/catools/common.security/0.1.46/common.security-0.1.46.jar:/Users/madan mohan reddy/.m2/repository/com/github/lalyos/jfiglet/0.0.8/jfiglet-0.0.8.jar:/Users/madan mohan reddy/.m2/repository/com/diogonunes/JCDP/2.0.3.1/JCDP-2.0.3.1.jar:/Users/madan mohan reddy/.m2/repository/org/fusesource/jansi/jansi/1.15/jansi-1.15.jar:/Users/madan mohan reddy/.m2/repository/org/codehaus/groovy/groovy-jsr223/2.5.7/groovy-jsr223-2.5.7.jar:/Users/madan mohan reddy/.m2/repository/org/codehaus/groovy/groovy/2.5.7/groovy-2.5.7.jar:/Users/madan mohan reddy/.m2/repository/org/apache/logging/log4j/log4j-api/2.12.1/log4j-api-2.12.1.jar:/Users/madan mohan reddy/.m2/repository/org/apache/logging/log4j/log4j-core/2.12.1/log4j-core-2.12.1.jar:/Users/madan mohan reddy/.m2/repository/org/apache/logging/log4j/log4j-slf4j-impl/2.12.1/log4j-slf4j-impl-2.12.1.jar:/Users/madan mohan reddy/.m2/repository/org/slf4j/slf4j-api/1.7.25/slf4j-api-1.7.25.jar:/Users/madan mohan reddy/.m2/repository/org/projectlombok/lombok/1.18.10/lombok-1.18.10.jar:/Users/madan mohan reddy/.m2/repository/javax/xml/bind/jaxb-api/2.3.1/jaxb-api-2.3.1.jar:/Users/madan mohan reddy/.m2/repository/javax/activation/javax.activation-api/1.2.0/javax.activation-api-1.2.0.jar:/Users/madan mohan reddy/.m2/repository/javax/xml/bind/activation/1.0.2/activation-1.0.2.jar:/Users/madan mohan reddy/.m2/repository/org/glassfish/jaxb/jaxb-runtime/2.4.0-b180830.0438/jaxb-runtime-2.4.0-b180830.0438.jar:/Users/madan mohan reddy/.m2/repository/org/glassfish/jaxb/txw2/2.4.0-b180830.0438/txw2-2.4.0-b180830.0438.jar:/Users/madan mohan reddy/.m2/repository/com/sun/istack/istack-commons-runtime/3.0.7/istack-commons-runtime-3.0.7.jar:/Users/madan mohan reddy/.m2/repository/org/jvnet/staxex/stax-ex/1.8/stax-ex-1.8.jar:/Users/madan mohan reddy/.m2/repository/com/sun/xml/fastinfoset/FastInfoset/1.2.15/FastInfoset-1.2.15.jar:/Users/madan mohan reddy/.m2/repository/javax/ws/rs/javax.ws.rs-api/2.1.1/javax.ws.rs-api-2.1.1.jar:/Users/madan mohan reddy/.m2/repository/org/codehaus/jettison/jettison/1.4.0/jettison-1.4.0.jar:/Users/madan mohan reddy/.m2/repository/org/apache/commons/commons-csv/1.6/commons-csv-1.6.jar:/Users/madan mohan reddy/.m2/repository/org/apache/commons/commons-collections4/4.4/commons-collections4-4.4.jar:/Users/madan mohan reddy/.m2/repository/com/fasterxml/jackson/core/jackson-core/2.10.2/jackson-core-2.10.2.jar:/Users/madan mohan reddy/.m2/repository/com/fasterxml/jackson/dataformat/jackson-dataformat-yaml/2.10.2/jackson-dataformat-yaml-2.10.2.jar:/Users/madan mohan reddy/.m2/repository/com/fasterxml/jackson/core/jackson-databind/2.10.2/jackson-databind-2.10.2.jar:/Users/madan mohan reddy/.m2/repository/com/fasterxml/jackson/core/jackson-annotations/2.10.2/jackson-annotations-2.10.2.jar:/Users/madan mohan reddy/.m2/repository/commons-collections/commons-collections/3.2.1/commons-collections-3.2.1.jar:/Users/madan mohan reddy/.m2/repository/org/bitbucket/cowwoc/diff-match-patch/1.2/diff-match-patch-1.2.jar:/Users/madan mohan reddy/.m2/repository/uk/com/robust-it/cloning/1.9.12/cloning-1.9.12.jar:/Users/madan mohan reddy/.m2/repository/org/objenesis/objenesis/3.0.1/objenesis-3.0.1.jar:/Users/madan mohan reddy/.m2/repository/org/apache/poi/poi/3.17/poi-3.17.jar:/Users/madan mohan reddy/.m2/repository/junit/junit/4.13/junit-4.13.jar:/Users/madan mohan reddy/.m2/repository/org/hamcrest/hamcrest-core/1.3/hamcrest-core-1.3.jar:"/>
    <property name="java.vm.vendor" value="&quot;Oracle Corporation&quot;"/>
    <property name="sun.arch.data.model" value="64"/>
    <property name="java.vendor.url" value="http://java.oracle.com/"/>
    <property name="user.timezone" value="Europe/Dublin"/>
    <property name="java.vm.specification.version" value="10"/>
    <property name="os.name" value="Mac OS X"/>
    <property name="sun.java.launcher" value="SUN_STANDARD"/>
    <property name="user.country" value="IE"/>
    <property name="sun.boot.library.path" value="/Library/Java/JavaVirtualMachines/jdk-10.0.2.jdk/Contents/Home/lib"/>
    <property name="sun.java.command" value="/Users/madan mohan reddy/Pictures/agri_group_admin/crop/target/surefire/surefirebooter11799161960987032370.jar /Users/madan mohan reddy/Pictures/agri_group_admin/crop/target/surefire 2021-03-20T21-10-14_176-jvmRun1 surefire13546828783017080446tmp surefire_013862699922218413804tmp"/>
    <property name="http.nonProxyHosts" value="local|*.local|169.254/16|*.169.254/16|127.0.0.1"/>
    <property name="jdk.debug" value="release"/>
    <property name="surefire.test.class.path" value="/Users/madan mohan reddy/Pictures/agri_group_admin/crop/target/test-classes:/Users/madan mohan reddy/Pictures/agri_group_admin/crop/target/classes:/Users/madan mohan reddy/.m2/repository/org/seleniumhq/selenium/selenium-server/3.14.0/selenium-server-3.14.0.jar:/Users/madan mohan reddy/.m2/repository/org/seleniumhq/selenium/selenium-api/3.14.0/selenium-api-3.14.0.jar:/Users/madan mohan reddy/.m2/repository/org/seleniumhq/selenium/selenium-chrome-driver/3.14.0/selenium-chrome-driver-3.14.0.jar:/Users/madan mohan reddy/.m2/repository/org/seleniumhq/selenium/selenium-edge-driver/3.14.0/selenium-edge-driver-3.14.0.jar:/Users/madan mohan reddy/.m2/repository/org/seleniumhq/selenium/selenium-firefox-driver/3.14.0/selenium-firefox-driver-3.14.0.jar:/Users/madan mohan reddy/.m2/repository/org/seleniumhq/selenium/selenium-ie-driver/3.14.0/selenium-ie-driver-3.14.0.jar:/Users/madan mohan reddy/.m2/repository/org/seleniumhq/selenium/selenium-opera-driver/3.14.0/selenium-opera-driver-3.14.0.jar:/Users/madan mohan reddy/.m2/repository/org/seleniumhq/selenium/selenium-remote-driver/3.14.0/selenium-remote-driver-3.14.0.jar:/Users/madan mohan reddy/.m2/repository/org/seleniumhq/selenium/selenium-safari-driver/3.14.0/selenium-safari-driver-3.14.0.jar:/Users/madan mohan reddy/.m2/repository/org/seleniumhq/selenium/selenium-support/3.14.0/selenium-support-3.14.0.jar:/Users/madan mohan reddy/.m2/repository/com/beust/jcommander/1.72/jcommander-1.72.jar:/Users/madan mohan reddy/.m2/repository/net/bytebuddy/byte-buddy/1.8.15/byte-buddy-1.8.15.jar:/Users/madan mohan reddy/.m2/repository/org/apache/commons/commons-exec/1.3/commons-exec-1.3.jar:/Users/madan mohan reddy/.m2/repository/org/apache/commons/commons-lang3/3.7/commons-lang3-3.7.jar:/Users/madan mohan reddy/.m2/repository/org/apache/commons/commons-text/1.1/commons-text-1.1.jar:/Users/madan mohan reddy/.m2/repository/commons-codec/commons-codec/1.10/commons-codec-1.10.jar:/Users/madan mohan reddy/.m2/repository/commons-io/commons-io/2.6/commons-io-2.6.jar:/Users/madan mohan reddy/.m2/repository/commons-logging/commons-logging/1.2/commons-logging-1.2.jar:/Users/madan mohan reddy/.m2/repository/commons-net/commons-net/3.6/commons-net-3.6.jar:/Users/madan mohan reddy/.m2/repository/com/google/guava/guava/25.0-jre/guava-25.0-jre.jar:/Users/madan mohan reddy/.m2/repository/com/google/code/findbugs/jsr305/1.3.9/jsr305-1.3.9.jar:/Users/madan mohan reddy/.m2/repository/org/checkerframework/checker-compat-qual/2.0.0/checker-compat-qual-2.0.0.jar:/Users/madan mohan reddy/.m2/repository/com/google/errorprone/error_prone_annotations/2.1.3/error_prone_annotations-2.1.3.jar:/Users/madan mohan reddy/.m2/repository/com/google/j2objc/j2objc-annotations/1.1/j2objc-annotations-1.1.jar:/Users/madan mohan reddy/.m2/repository/org/codehaus/mojo/animal-sniffer-annotations/1.14/animal-sniffer-annotations-1.14.jar:/Users/madan mohan reddy/.m2/repository/net/sourceforge/htmlunit/htmlunit/2.30/htmlunit-2.30.jar:/Users/madan mohan reddy/.m2/repository/net/sourceforge/htmlunit/htmlunit-core-js/2.28/htmlunit-core-js-2.28.jar:/Users/madan mohan reddy/.m2/repository/net/sourceforge/htmlunit/htmlunit-cssparser/1.0.0/htmlunit-cssparser-1.0.0.jar:/Users/madan mohan reddy/.m2/repository/net/sourceforge/htmlunit/neko-htmlunit/2.30/neko-htmlunit-2.30.jar:/Users/madan mohan reddy/.m2/repository/org/apache/httpcomponents/httpclient/4.5.5/httpclient-4.5.5.jar:/Users/madan mohan reddy/.m2/repository/org/apache/httpcomponents/httpcore/4.4.9/httpcore-4.4.9.jar:/Users/madan mohan reddy/.m2/repository/org/apache/httpcomponents/httpmime/4.5.5/httpmime-4.5.5.jar:/Users/madan mohan reddy/.m2/repository/net/jcip/jcip-annotations/1.0/jcip-annotations-1.0.jar:/Users/madan mohan reddy/.m2/repository/org/seleniumhq/selenium/jetty-repacked/9.4.8.v20180619/jetty-repacked-9.4.8.v20180619.jar:/Users/madan mohan reddy/.m2/repository/org/eclipse/jetty/jetty-client/9.4.8.v20180619/jetty-client-9.4.8.v20180619.jar:/Users/madan mohan reddy/.m2/repository/org/eclipse/jetty/jetty-http/9.4.8.v20180619/jetty-http-9.4.8.v20180619.jar:/Users/madan mohan reddy/.m2/repository/org/eclipse/jetty/jetty-io/9.4.8.v20180619/jetty-io-9.4.8.v20180619.jar:/Users/madan mohan reddy/.m2/repository/org/eclipse/jetty/jetty-util/9.4.8.v20180619/jetty-util-9.4.8.v20180619.jar:/Users/madan mohan reddy/.m2/repository/org/eclipse/jetty/jetty-xml/9.4.8.v20180619/jetty-xml-9.4.8.v20180619.jar:/Users/madan mohan reddy/.m2/repository/com/squareup/okhttp3/okhttp/3.10.0/okhttp-3.10.0.jar:/Users/madan mohan reddy/.m2/repository/com/squareup/okio/okio/1.14.1/okio-1.14.1.jar:/Users/madan mohan reddy/.m2/repository/org/seleniumhq/selenium/htmlunit-driver/2.30.0/htmlunit-driver-2.30.0.jar:/Users/madan mohan reddy/.m2/repository/javax/servlet/javax.servlet-api/3.1.0/javax.servlet-api-3.1.0.jar:/Users/madan mohan reddy/.m2/repository/org/eclipse/jetty/websocket/websocket-api/9.4.8.v20180619/websocket-api-9.4.8.v20180619.jar:/Users/madan mohan reddy/.m2/repository/org/eclipse/jetty/websocket/websocket-client/9.4.8.v20180619/websocket-client-9.4.8.v20180619.jar:/Users/madan mohan reddy/.m2/repository/org/eclipse/jetty/websocket/websocket-common/9.4.8.v20180619/websocket-common-9.4.8.v20180619.jar:/Users/madan mohan reddy/.m2/repository/xalan/serializer/2.7.2/serializer-2.7.2.jar:/Users/madan mohan reddy/.m2/repository/xalan/xalan/2.7.2/xalan-2.7.2.jar:/Users/madan mohan reddy/.m2/repository/xerces/xercesImpl/2.11.0/xercesImpl-2.11.0.jar:/Users/madan mohan reddy/.m2/repository/xml-apis/xml-apis/1.4.01/xml-apis-1.4.01.jar:/Users/madan mohan reddy/.m2/repository/org/yaml/snakeyaml/1.19/snakeyaml-1.19.jar:/Users/madan mohan reddy/.m2/repository/com/aventstack/extentreports/3.1.5/extentreports-3.1.5.jar:/Users/madan mohan reddy/.m2/repository/org/freemarker/freemarker/2.3.23/freemarker-2.3.23.jar:/Users/madan mohan reddy/.m2/repository/org/mongodb/mongodb-driver/3.3.0/mongodb-driver-3.3.0.jar:/Users/madan mohan reddy/.m2/repository/org/mongodb/bson/3.3.0/bson-3.3.0.jar:/Users/madan mohan reddy/.m2/repository/org/mongodb/mongodb-driver-core/3.3.0/mongodb-driver-core-3.3.0.jar:/Users/madan mohan reddy/.m2/repository/org/jsoup/jsoup/1.9.2/jsoup-1.9.2.jar:/Users/madan mohan reddy/.m2/repository/com/google/code/gson/gson/2.8.0/gson-2.8.0.jar:/Users/madan mohan reddy/.m2/repository/org/seleniumhq/selenium/selenium-java/3.14.0/selenium-java-3.14.0.jar:/Users/madan mohan reddy/.m2/repository/org/testng/testng/6.14.3/testng-6.14.3.jar:/Users/madan mohan reddy/.m2/repository/org/apache-extras/beanshell/bsh/2.0b6/bsh-2.0b6.jar:/Users/madan mohan reddy/.m2/repository/org/catools/extentreport/0.1.46/extentreport-0.1.46.jar:/Users/madan mohan reddy/.m2/repository/org/catools/common.testng/0.1.46/common.testng-0.1.46.jar:/Users/madan mohan reddy/.m2/repository/org/catools/common.logger/0.1.46/common.logger-0.1.46.jar:/Users/madan mohan reddy/.m2/repository/org/catools/common.utils/0.1.46/common.utils-0.1.46.jar:/Users/madan mohan reddy/.m2/repository/org/catools/common.config/0.1.46/common.config-0.1.46.jar:/Users/madan mohan reddy/.m2/repository/org/catools/common.extension/0.1.46/common.extension-0.1.46.jar:/Users/madan mohan reddy/.m2/repository/org/catools/common.security/0.1.46/common.security-0.1.46.jar:/Users/madan mohan reddy/.m2/repository/com/github/lalyos/jfiglet/0.0.8/jfiglet-0.0.8.jar:/Users/madan mohan reddy/.m2/repository/com/diogonunes/JCDP/2.0.3.1/JCDP-2.0.3.1.jar:/Users/madan mohan reddy/.m2/repository/org/fusesource/jansi/jansi/1.15/jansi-1.15.jar:/Users/madan mohan reddy/.m2/repository/org/codehaus/groovy/groovy-jsr223/2.5.7/groovy-jsr223-2.5.7.jar:/Users/madan mohan reddy/.m2/repository/org/codehaus/groovy/groovy/2.5.7/groovy-2.5.7.jar:/Users/madan mohan reddy/.m2/repository/org/apache/logging/log4j/log4j-api/2.12.1/log4j-api-2.12.1.jar:/Users/madan mohan reddy/.m2/repository/org/apache/logging/log4j/log4j-core/2.12.1/log4j-core-2.12.1.jar:/Users/madan mohan reddy/.m2/repository/org/apache/logging/log4j/log4j-slf4j-impl/2.12.1/log4j-slf4j-impl-2.12.1.jar:/Users/madan mohan reddy/.m2/repository/org/slf4j/slf4j-api/1.7.25/slf4j-api-1.7.25.jar:/Users/madan mohan reddy/.m2/repository/org/projectlombok/lombok/1.18.10/lombok-1.18.10.jar:/Users/madan mohan reddy/.m2/repository/javax/xml/bind/jaxb-api/2.3.1/jaxb-api-2.3.1.jar:/Users/madan mohan reddy/.m2/repository/javax/activation/javax.activation-api/1.2.0/javax.activation-api-1.2.0.jar:/Users/madan mohan reddy/.m2/repository/javax/xml/bind/activation/1.0.2/activation-1.0.2.jar:/Users/madan mohan reddy/.m2/repository/org/glassfish/jaxb/jaxb-runtime/2.4.0-b180830.0438/jaxb-runtime-2.4.0-b180830.0438.jar:/Users/madan mohan reddy/.m2/repository/org/glassfish/jaxb/txw2/2.4.0-b180830.0438/txw2-2.4.0-b180830.0438.jar:/Users/madan mohan reddy/.m2/repository/com/sun/istack/istack-commons-runtime/3.0.7/istack-commons-runtime-3.0.7.jar:/Users/madan mohan reddy/.m2/repository/org/jvnet/staxex/stax-ex/1.8/stax-ex-1.8.jar:/Users/madan mohan reddy/.m2/repository/com/sun/xml/fastinfoset/FastInfoset/1.2.15/FastInfoset-1.2.15.jar:/Users/madan mohan reddy/.m2/repository/javax/ws/rs/javax.ws.rs-api/2.1.1/javax.ws.rs-api-2.1.1.jar:/Users/madan mohan reddy/.m2/repository/org/codehaus/jettison/jettison/1.4.0/jettison-1.4.0.jar:/Users/madan mohan reddy/.m2/repository/org/apache/commons/commons-csv/1.6/commons-csv-1.6.jar:/Users/madan mohan reddy/.m2/repository/org/apache/commons/commons-collections4/4.4/commons-collections4-4.4.jar:/Users/madan mohan reddy/.m2/repository/com/fasterxml/jackson/core/jackson-core/2.10.2/jackson-core-2.10.2.jar:/Users/madan mohan reddy/.m2/repository/com/fasterxml/jackson/dataformat/jackson-dataformat-yaml/2.10.2/jackson-dataformat-yaml-2.10.2.jar:/Users/madan mohan reddy/.m2/repository/com/fasterxml/jackson/core/jackson-databind/2.10.2/jackson-databind-2.10.2.jar:/Users/madan mohan reddy/.m2/repository/com/fasterxml/jackson/core/jackson-annotations/2.10.2/jackson-annotations-2.10.2.jar:/Users/madan mohan reddy/.m2/repository/commons-collections/commons-collections/3.2.1/commons-collections-3.2.1.jar:/Users/madan mohan reddy/.m2/repository/org/bitbucket/cowwoc/diff-match-patch/1.2/diff-match-patch-1.2.jar:/Users/madan mohan reddy/.m2/repository/uk/com/robust-it/cloning/1.9.12/cloning-1.9.12.jar:/Users/madan mohan reddy/.m2/repository/org/objenesis/objenesis/3.0.1/objenesis-3.0.1.jar:/Users/madan mohan reddy/.m2/repository/org/apache/poi/poi/3.17/poi-3.17.jar:/Users/madan mohan reddy/.m2/repository/junit/junit/4.13/junit-4.13.jar:/Users/madan mohan reddy/.m2/repository/org/hamcrest/hamcrest-core/1.3/hamcrest-core-1.3.jar:"/>
    <property name="sun.cpu.endian" value="little"/>
    <property name="user.home" value="/Users/madan mohan reddy"/>
    <property name="user.language" value="en"/>
    <property name="java.specification.vendor" value="Oracle Corporation"/>
    <property name="java.version.date" value="2018-07-17"/>
    <property name="java.home" value="/Library/Java/JavaVirtualMachines/jdk-10.0.2.jdk/Contents/Home"/>
    <property name="file.separator" value="/"/>
    <property name="basedir" value="/Users/madan mohan reddy/Pictures/agri_group_admin/crop"/>
    <property name="java.vm.compressedOopsMode" value="Zero based"/>
    <property name="line.separator" value="&#10;"/>
    <property name="java.specification.name" value="Java Platform API Specification"/>
    <property name="java.vm.specification.vendor" value="Oracle Corporation"/>
    <property name="java.awt.graphicsenv" value="sun.awt.CGraphicsEnvironment"/>
    <property name="surefire.real.class.path" value="/Users/madan mohan reddy/Pictures/agri_group_admin/crop/target/surefire/surefirebooter11799161960987032370.jar"/>
    <property name="sun.management.compiler" value="HotSpot 64-Bit Tiered Compilers"/>
    <property name="ftp.nonProxyHosts" value="local|*.local|169.254/16|*.169.254/16|127.0.0.1"/>
    <property name="java.runtime.version" value="10.0.2+13"/>
    <property name="user.name" value="madanmohanreddy"/>
    <property name="path.separator" value=":"/>
    <property name="os.version" value="10.13.6"/>
    <property name="java.runtime.name" value="Java(TM) SE Runtime Environment"/>
    <property name="file.encoding" value="UTF-8"/>
    <property name="java.vm.name" value="Java HotSpot(TM) 64-Bit Server VM"/>
    <property name="java.vendor.version" value="18.3"/>
    <property name="localRepository" value="/Users/madan mohan reddy/.m2/repository"/>
    <property name="java.vendor.url.bug" value="http://bugreport.java.com/bugreport/"/>
    <property name="java.io.tmpdir" value="/var/folders/g2/74qgyh9j32g9bcxy8rxb0v8w0000gn/T/"/>
    <property name="java.version" value="10.0.2"/>
    <property name="user.dir" value="/Users/madan mohan reddy/Pictures/agri_group_admin/crop"/>
    <property name="os.arch" value="x86_64"/>
    <property name="java.vm.specification.name" value="Java Virtual Machine Specification"/>
    <property name="java.awt.printerjob" value="sun.lwawt.macosx.CPrinterJob"/>
    <property name="sun.os.patch.level" value="unknown"/>
    <property name="java.library.path" value="/Users/madan mohan reddy/Library/Java/Extensions:/Library/Java/Extensions:/Network/Library/Java/Extensions:/System/Library/Java/Extensions:/usr/lib/java:."/>
    <property name="java.vendor" value="Oracle Corporation"/>
    <property name="java.vm.info" value="mixed mode"/>
    <property name="java.vm.version" value="10.0.2+13"/>
    <property name="sun.io.unicode.encoding" value="UnicodeBig"/>
    <property name="java.class.version" value="54.0"/>
    <property name="socksNonProxyHosts" value="local|*.local|169.254/16|*.169.254/16|127.0.0.1"/>
  </properties>
  <testcase name="test" classname="agri.crop.Main" time="6.222">
    <failure message="no such window: window was already closed&#10;  (Session info: chrome=89.0.4389.90)&#10;Build info: version: &apos;3.14.0&apos;, revision: &apos;aacccce0&apos;, time: &apos;2018-08-02T20:19:58.91Z&apos;&#10;System info: host: &apos;mech.local&apos;, ip: &apos;2a02:8084:e83:6480:48c2:13af:ed6b:87f5%en0&apos;, os.name: &apos;Mac OS X&apos;, os.arch: &apos;x86_64&apos;, os.version: &apos;10.13.6&apos;, java.version: &apos;10.0.2&apos;&#10;Driver info: org.openqa.selenium.chrome.ChromeDriver&#10;Capabilities {acceptInsecureCerts: false, browserName: chrome, browserVersion: 89.0.4389.90, chrome: {chromedriverVersion: 89.0.4389.23 (61b08ee2c5002..., userDataDir: /var/folders/g2/74qgyh9j32g...}, goog:chromeOptions: {debuggerAddress: localhost:65431}, javascriptEnabled: true, networkConnectionEnabled: false, pageLoadStrategy: normal, platform: MAC, platformName: MAC, proxy: Proxy(), setWindowRect: true, strictFileInteractability: false, timeouts: {implicit: 0, pageLoad: 300000, script: 30000}, unhandledPromptBehavior: dismiss and notify, webauthn:extension:largeBlob: true, webauthn:virtualAuthenticators: true}&#10;Session ID: c58bbc90a3915ddca1c62e51a9b906cf&#10;*** Element info: {Using=id, value=btn_login}" type="org.openqa.selenium.NoSuchWindowException"><![CDATA[org.openqa.selenium.NoSuchWindowException: 
no such window: window was already closed
  (Session info: chrome=89.0.4389.90)
Build info: version: '3.14.0', revision: 'aacccce0', time: '2018-08-02T20:19:58.91Z'
System info: host: 'mech.local', ip: '2a02:8084:e83:6480:48c2:13af:ed6b:87f5%en0', os.name: 'Mac OS X', os.arch: 'x86_64', os.version: '10.13.6', java.version: '10.0.2'
Driver info: org.openqa.selenium.chrome.ChromeDriver
Capabilities {acceptInsecureCerts: false, browserName: chrome, browserVersion: 89.0.4389.90, chrome: {chromedriverVersion: 89.0.4389.23 (61b08ee2c5002..., userDataDir: /var/folders/g2/74qgyh9j32g...}, goog:chromeOptions: {debuggerAddress: localhost:65431}, javascriptEnabled: true, networkConnectionEnabled: false, pageLoadStrategy: normal, platform: MAC, platformName: MAC, proxy: Proxy(), setWindowRect: true, strictFileInteractability: false, timeouts: {implicit: 0, pageLoad: 300000, script: 30000}, unhandledPromptBehavior: dismiss and notify, webauthn:extension:largeBlob: true, webauthn:virtualAuthenticators: true}
Session ID: c58bbc90a3915ddca1c62e51a9b906cf
*** Element info: {Using=id, value=btn_login}
	at agri.crop.Main.test(Main.java:67)
]]></failure>
    <system-out><![CDATA[[TestNGContentHandler] [WARN] It is strongly recommended to add "<!DOCTYPE suite SYSTEM "http://testng.org/testng-1.0.dtd" >" at the top of your file, otherwise TestNG may fail or not work as expected.
]]></system-out>
    <system-err><![CDATA[Starting ChromeDriver 89.0.4389.23 (61b08ee2c50024bab004e48d2b1b083cdbdac579-refs/branch-heads/4389@{#294}) on port 7797
Only local connections are allowed.
Please see https://chromedriver.chromium.org/security-considerations for suggestions on keeping ChromeDriver safe.
ChromeDriver was started successfully.
Mar 20, 2021 9:10:17 PM org.openqa.selenium.remote.ProtocolHandshake createSession
INFO: Detected dialect: W3C
]]></system-err>
  </testcase>
  <testcase name="tearDown[[TestResult name=test status=FAILURE method=Main.test()[pri:0, instance:agri.crop.Main@16aa8654] output={null}]](0)" classname="agri.crop.Main" time="6.233">
    <failure message="no such window: window was already closed&#10;  (Session info: chrome=89.0.4389.90)&#10;Build info: version: &apos;3.14.0&apos;, revision: &apos;aacccce0&apos;, time: &apos;2018-08-02T20:19:58.91Z&apos;&#10;System info: host: &apos;mech.local&apos;, ip: &apos;2a02:8084:e83:6480:48c2:13af:ed6b:87f5%en0&apos;, os.name: &apos;Mac OS X&apos;, os.arch: &apos;x86_64&apos;, os.version: &apos;10.13.6&apos;, java.version: &apos;10.0.2&apos;&#10;Driver info: org.openqa.selenium.chrome.ChromeDriver&#10;Capabilities {acceptInsecureCerts: false, browserName: chrome, browserVersion: 89.0.4389.90, chrome: {chromedriverVersion: 89.0.4389.23 (61b08ee2c5002..., userDataDir: /var/folders/g2/74qgyh9j32g...}, goog:chromeOptions: {debuggerAddress: localhost:65431}, javascriptEnabled: true, networkConnectionEnabled: false, pageLoadStrategy: normal, platform: MAC, platformName: MAC, proxy: Proxy(), setWindowRect: true, strictFileInteractability: false, timeouts: {implicit: 0, pageLoad: 300000, script: 30000}, unhandledPromptBehavior: dismiss and notify, webauthn:extension:largeBlob: true, webauthn:virtualAuthenticators: true}&#10;Session ID: c58bbc90a3915ddca1c62e51a9b906cf" type="org.openqa.selenium.NoSuchWindowException"><![CDATA[org.openqa.selenium.NoSuchWindowException: 
no such window: window was already closed
  (Session info: chrome=89.0.4389.90)
Build info: version: '3.14.0', revision: 'aacccce0', time: '2018-08-02T20:19:58.91Z'
System info: host: 'mech.local', ip: '2a02:8084:e83:6480:48c2:13af:ed6b:87f5%en0', os.name: 'Mac OS X', os.arch: 'x86_64', os.version: '10.13.6', java.version: '10.0.2'
Driver info: org.openqa.selenium.chrome.ChromeDriver
Capabilities {acceptInsecureCerts: false, browserName: chrome, browserVersion: 89.0.4389.90, chrome: {chromedriverVersion: 89.0.4389.23 (61b08ee2c5002..., userDataDir: /var/folders/g2/74qgyh9j32g...}, goog:chromeOptions: {debuggerAddress: localhost:65431}, javascriptEnabled: true, networkConnectionEnabled: false, pageLoadStrategy: normal, platform: MAC, platformName: MAC, proxy: Proxy(), setWindowRect: true, strictFileInteractability: false, timeouts: {implicit: 0, pageLoad: 300000, script: 30000}, unhandledPromptBehavior: dismiss and notify, webauthn:extension:largeBlob: true, webauthn:virtualAuthenticators: true}
Session ID: c58bbc90a3915ddca1c62e51a9b906cf
	at agri.crop.Main.tearDown(Main.java:87)
]]></failure>
  </testcase>
</testsuite>