<?xml version="1.0" encoding="UTF-8"?>
<testsuite xmlns:xsi="http://www.w3.org/2001/XMLSchema-instance" xsi:noNamespaceSchemaLocation="https://maven.apache.org/surefire/maven-surefire-plugin/xsd/surefire-test-report-3.0.xsd" version="3.0" name="TestSuite" time="23.957" tests="2" errors="0" skipped="0" failures="2">
  <properties>
    <property name="gopherProxySet" value="false"/>
    <property name="awt.toolkit" value="sun.lwawt.macosx.LWCToolkit"/>
    <property name="java.specification.version" value="10"/>
    <property name="file.encoding.pkg" value="sun.io"/>
    <property name="webdriver.chrome.driver" value="/Users/madan mohan reddy/Desktop/selenium-java-3.141.59/chromedriver"/>
    <property name="sun.cpu.isalist" value=""/>
    <property name="sun.jnu.encoding" value="UTF-8"/>
    <property name="java.class.path" value="/Users/madan mohan reddy/Pictures/agri_group_admin/project/target/test-classes:/Users/madan mohan reddy/Pictures/agri_group_admin/project/target/classes:/Users/madan mohan reddy/.m2/repository/org/seleniumhq/selenium/selenium-java/3.141.59/selenium-java-3.141.59.jar:/Users/madan mohan reddy/.m2/repository/org/seleniumhq/selenium/selenium-api/3.141.59/selenium-api-3.141.59.jar:/Users/madan mohan reddy/.m2/repository/org/seleniumhq/selenium/selenium-chrome-driver/3.141.59/selenium-chrome-driver-3.141.59.jar:/Users/madan mohan reddy/.m2/repository/org/seleniumhq/selenium/selenium-edge-driver/3.141.59/selenium-edge-driver-3.141.59.jar:/Users/madan mohan reddy/.m2/repository/org/seleniumhq/selenium/selenium-firefox-driver/3.141.59/selenium-firefox-driver-3.141.59.jar:/Users/madan mohan reddy/.m2/repository/org/seleniumhq/selenium/selenium-ie-driver/3.141.59/selenium-ie-driver-3.141.59.jar:/Users/madan mohan reddy/.m2/repository/org/seleniumhq/selenium/selenium-opera-driver/3.141.59/selenium-opera-driver-3.141.59.jar:/Users/madan mohan reddy/.m2/repository/org/seleniumhq/selenium/selenium-remote-driver/3.141.59/selenium-remote-driver-3.141.59.jar:/Users/madan mohan reddy/.m2/repository/org/seleniumhq/selenium/selenium-safari-driver/3.141.59/selenium-safari-driver-3.141.59.jar:/Users/madan mohan reddy/.m2/repository/org/seleniumhq/selenium/selenium-support/3.141.59/selenium-support-3.141.59.jar:/Users/madan mohan reddy/.m2/repository/net/bytebuddy/byte-buddy/1.8.15/byte-buddy-1.8.15.jar:/Users/madan mohan reddy/.m2/repository/org/apache/commons/commons-exec/1.3/commons-exec-1.3.jar:/Users/madan mohan reddy/.m2/repository/com/google/guava/guava/25.0-jre/guava-25.0-jre.jar:/Users/madan mohan reddy/.m2/repository/com/google/code/findbugs/jsr305/1.3.9/jsr305-1.3.9.jar:/Users/madan mohan reddy/.m2/repository/org/checkerframework/checker-compat-qual/2.0.0/checker-compat-qual-2.0.0.jar:/Users/madan mohan reddy/.m2/repository/com/google/errorprone/error_prone_annotations/2.1.3/error_prone_annotations-2.1.3.jar:/Users/madan mohan reddy/.m2/repository/com/google/j2objc/j2objc-annotations/1.1/j2objc-annotations-1.1.jar:/Users/madan mohan reddy/.m2/repository/org/codehaus/mojo/animal-sniffer-annotations/1.14/animal-sniffer-annotations-1.14.jar:/Users/madan mohan reddy/.m2/repository/com/squareup/okhttp3/okhttp/3.11.0/okhttp-3.11.0.jar:/Users/madan mohan reddy/.m2/repository/com/squareup/okio/okio/1.14.0/okio-1.14.0.jar:/Users/madan mohan reddy/.m2/repository/io/github/bonigarcia/webdrivermanager/3.7.1/webdrivermanager-3.7.1.jar:/Users/madan mohan reddy/.m2/repository/org/slf4j/slf4j-api/1.7.25/slf4j-api-1.7.25.jar:/Users/madan mohan reddy/.m2/repository/commons-io/commons-io/2.6/commons-io-2.6.jar:/Users/madan mohan reddy/.m2/repository/com/google/code/gson/gson/2.8.5/gson-2.8.5.jar:/Users/madan mohan reddy/.m2/repository/org/apache/commons/commons-lang3/3.8.1/commons-lang3-3.8.1.jar:/Users/madan mohan reddy/.m2/repository/org/apache/httpcomponents/httpclient/4.5.6/httpclient-4.5.6.jar:/Users/madan mohan reddy/.m2/repository/org/apache/httpcomponents/httpcore/4.4.10/httpcore-4.4.10.jar:/Users/madan mohan reddy/.m2/repository/commons-logging/commons-logging/1.2/commons-logging-1.2.jar:/Users/madan mohan reddy/.m2/repository/org/rauschig/jarchivelib/1.0.0/jarchivelib-1.0.0.jar:/Users/madan mohan reddy/.m2/repository/org/apache/commons/commons-compress/1.18/commons-compress-1.18.jar:/Users/madan mohan reddy/.m2/repository/org/jsoup/jsoup/1.11.3/jsoup-1.11.3.jar:/Users/madan mohan reddy/.m2/repository/org/testng/testng/6.14.3/testng-6.14.3.jar:/Users/madan mohan reddy/.m2/repository/com/beust/jcommander/1.72/jcommander-1.72.jar:/Users/madan mohan reddy/.m2/repository/org/apache-extras/beanshell/bsh/2.0b6/bsh-2.0b6.jar:/Users/madan mohan reddy/.m2/repository/org/apache/poi/poi/3.9/poi-3.9.jar:/Users/madan mohan reddy/.m2/repository/commons-codec/commons-codec/1.5/commons-codec-1.5.jar:/Users/madan mohan reddy/.m2/repository/org/apache/poi/poi-ooxml/3.9/poi-ooxml-3.9.jar:/Users/madan mohan reddy/.m2/repository/dom4j/dom4j/1.6.1/dom4j-1.6.1.jar:/Users/madan mohan reddy/.m2/repository/xml-apis/xml-apis/1.0.b2/xml-apis-1.0.b2.jar:/Users/madan mohan reddy/.m2/repository/org/apache/poi/poi-ooxml-schemas/3.9/poi-ooxml-schemas-3.9.jar:/Users/madan mohan reddy/.m2/repository/org/apache/xmlbeans/xmlbeans/2.3.0/xmlbeans-2.3.0.jar:/Users/madan mohan reddy/.m2/repository/stax/stax-api/1.0.1/stax-api-1.0.1.jar:/Users/madan mohan reddy/.m2/repository/org/apache/poi/poi-scratchpad/3.9/poi-scratchpad-3.9.jar:/Users/madan mohan reddy/.m2/repository/org/apache/poi/ooxml-schemas/1.1/ooxml-schemas-1.1.jar:/Users/madan mohan reddy/.m2/repository/org/apache/poi/openxml4j/1.0-beta/openxml4j-1.0-beta.jar:/Users/madan mohan reddy/.m2/repository/log4j/log4j/1.2.8/log4j-1.2.8.jar:/Users/madan mohan reddy/.m2/repository/com/aventstack/extentreports/3.1.5/extentreports-3.1.5.jar:/Users/madan mohan reddy/.m2/repository/org/freemarker/freemarker/2.3.23/freemarker-2.3.23.jar:/Users/madan mohan reddy/.m2/repository/org/mongodb/mongodb-driver/3.3.0/mongodb-driver-3.3.0.jar:/Users/madan mohan reddy/.m2/repository/org/mongodb/bson/3.3.0/bson-3.3.0.jar:/Users/madan mohan reddy/.m2/repository/org/mongodb/mongodb-driver-core/3.3.0/mongodb-driver-core-3.3.0.jar:/Users/madan mohan reddy/.m2/repository/org/apache/httpcomponents/httpmime/4.5.2/httpmime-4.5.2.jar:/Users/madan mohan reddy/.m2/repository/io/qameta/allure/allure-testng/2.12.0/allure-testng-2.12.0.jar:/Users/madan mohan reddy/.m2/repository/io/qameta/allure/allure-java-commons/2.12.0/allure-java-commons-2.12.0.jar:/Users/madan mohan reddy/.m2/repository/io/qameta/allure/allure-model/2.12.0/allure-model-2.12.0.jar:/Users/madan mohan reddy/.m2/repository/org/apache/tika/tika-core/1.20/tika-core-1.20.jar:/Users/madan mohan reddy/.m2/repository/org/jooq/joor-java-8/0.9.10/joor-java-8-0.9.10.jar:/Users/madan mohan reddy/.m2/repository/com/tesults/tesults/1.0.1/tesults-1.0.1.jar:/Users/madan mohan reddy/.m2/repository/com/amazonaws/aws-java-sdk-s3/1.11.228/aws-java-sdk-s3-1.11.228.jar:/Users/madan mohan reddy/.m2/repository/com/amazonaws/aws-java-sdk-kms/1.11.228/aws-java-sdk-kms-1.11.228.jar:/Users/madan mohan reddy/.m2/repository/com/amazonaws/aws-java-sdk-core/1.11.228/aws-java-sdk-core-1.11.228.jar:/Users/madan mohan reddy/.m2/repository/software/amazon/ion/ion-java/1.0.2/ion-java-1.0.2.jar:/Users/madan mohan reddy/.m2/repository/com/fasterxml/jackson/dataformat/jackson-dataformat-cbor/2.6.7/jackson-dataformat-cbor-2.6.7.jar:/Users/madan mohan reddy/.m2/repository/joda-time/joda-time/2.8.1/joda-time-2.8.1.jar:/Users/madan mohan reddy/.m2/repository/com/amazonaws/jmespath-java/1.11.228/jmespath-java-1.11.228.jar:/Users/madan mohan reddy/.m2/repository/com/fasterxml/jackson/core/jackson-core/2.9.5/jackson-core-2.9.5.jar:/Users/madan mohan reddy/.m2/repository/com/fasterxml/jackson/core/jackson-annotations/2.9.5/jackson-annotations-2.9.5.jar:/Users/madan mohan reddy/.m2/repository/com/fasterxml/jackson/core/jackson-databind/2.9.5/jackson-databind-2.9.5.jar:/Users/madan mohan reddy/.m2/repository/org/json/json/20171018/json-20171018.jar:"/>
    <property name="java.vm.vendor" value="&quot;Oracle Corporation&quot;"/>
    <property name="sun.arch.data.model" value="64"/>
    <property name="java.vendor.url" value="http://java.oracle.com/"/>
    <property name="user.timezone" value="Europe/Dublin"/>
    <property name="java.vm.specification.version" value="10"/>
    <property name="os.name" value="Mac OS X"/>
    <property name="sun.java.launcher" value="SUN_STANDARD"/>
    <property name="user.country" value="IE"/>
    <property name="sun.boot.library.path" value="/Library/Java/JavaVirtualMachines/jdk-10.0.2.jdk/Contents/Home/lib"/>
    <property name="sun.java.command" value="/Users/madan mohan reddy/Pictures/agri_group_admin/project/target/surefire/surefirebooter9521651272985919411.jar /Users/madan mohan reddy/Pictures/agri_group_admin/project/target/surefire 2021-03-20T21-02-00_514-jvmRun1 surefire13930344518726759050tmp surefire_09389080683308650481tmp"/>
    <property name="http.nonProxyHosts" value="local|*.local|169.254/16|*.169.254/16|127.0.0.1"/>
    <property name="jdk.debug" value="release"/>
    <property name="surefire.test.class.path" value="/Users/madan mohan reddy/Pictures/agri_group_admin/project/target/test-classes:/Users/madan mohan reddy/Pictures/agri_group_admin/project/target/classes:/Users/madan mohan reddy/.m2/repository/org/seleniumhq/selenium/selenium-java/3.141.59/selenium-java-3.141.59.jar:/Users/madan mohan reddy/.m2/repository/org/seleniumhq/selenium/selenium-api/3.141.59/selenium-api-3.141.59.jar:/Users/madan mohan reddy/.m2/repository/org/seleniumhq/selenium/selenium-chrome-driver/3.141.59/selenium-chrome-driver-3.141.59.jar:/Users/madan mohan reddy/.m2/repository/org/seleniumhq/selenium/selenium-edge-driver/3.141.59/selenium-edge-driver-3.141.59.jar:/Users/madan mohan reddy/.m2/repository/org/seleniumhq/selenium/selenium-firefox-driver/3.141.59/selenium-firefox-driver-3.141.59.jar:/Users/madan mohan reddy/.m2/repository/org/seleniumhq/selenium/selenium-ie-driver/3.141.59/selenium-ie-driver-3.141.59.jar:/Users/madan mohan reddy/.m2/repository/org/seleniumhq/selenium/selenium-opera-driver/3.141.59/selenium-opera-driver-3.141.59.jar:/Users/madan mohan reddy/.m2/repository/org/seleniumhq/selenium/selenium-remote-driver/3.141.59/selenium-remote-driver-3.141.59.jar:/Users/madan mohan reddy/.m2/repository/org/seleniumhq/selenium/selenium-safari-driver/3.141.59/selenium-safari-driver-3.141.59.jar:/Users/madan mohan reddy/.m2/repository/org/seleniumhq/selenium/selenium-support/3.141.59/selenium-support-3.141.59.jar:/Users/madan mohan reddy/.m2/repository/net/bytebuddy/byte-buddy/1.8.15/byte-buddy-1.8.15.jar:/Users/madan mohan reddy/.m2/repository/org/apache/commons/commons-exec/1.3/commons-exec-1.3.jar:/Users/madan mohan reddy/.m2/repository/com/google/guava/guava/25.0-jre/guava-25.0-jre.jar:/Users/madan mohan reddy/.m2/repository/com/google/code/findbugs/jsr305/1.3.9/jsr305-1.3.9.jar:/Users/madan mohan reddy/.m2/repository/org/checkerframework/checker-compat-qual/2.0.0/checker-compat-qual-2.0.0.jar:/Users/madan mohan reddy/.m2/repository/com/google/errorprone/error_prone_annotations/2.1.3/error_prone_annotations-2.1.3.jar:/Users/madan mohan reddy/.m2/repository/com/google/j2objc/j2objc-annotations/1.1/j2objc-annotations-1.1.jar:/Users/madan mohan reddy/.m2/repository/org/codehaus/mojo/animal-sniffer-annotations/1.14/animal-sniffer-annotations-1.14.jar:/Users/madan mohan reddy/.m2/repository/com/squareup/okhttp3/okhttp/3.11.0/okhttp-3.11.0.jar:/Users/madan mohan reddy/.m2/repository/com/squareup/okio/okio/1.14.0/okio-1.14.0.jar:/Users/madan mohan reddy/.m2/repository/io/github/bonigarcia/webdrivermanager/3.7.1/webdrivermanager-3.7.1.jar:/Users/madan mohan reddy/.m2/repository/org/slf4j/slf4j-api/1.7.25/slf4j-api-1.7.25.jar:/Users/madan mohan reddy/.m2/repository/commons-io/commons-io/2.6/commons-io-2.6.jar:/Users/madan mohan reddy/.m2/repository/com/google/code/gson/gson/2.8.5/gson-2.8.5.jar:/Users/madan mohan reddy/.m2/repository/org/apache/commons/commons-lang3/3.8.1/commons-lang3-3.8.1.jar:/Users/madan mohan reddy/.m2/repository/org/apache/httpcomponents/httpclient/4.5.6/httpclient-4.5.6.jar:/Users/madan mohan reddy/.m2/repository/org/apache/httpcomponents/httpcore/4.4.10/httpcore-4.4.10.jar:/Users/madan mohan reddy/.m2/repository/commons-logging/commons-logging/1.2/commons-logging-1.2.jar:/Users/madan mohan reddy/.m2/repository/org/rauschig/jarchivelib/1.0.0/jarchivelib-1.0.0.jar:/Users/madan mohan reddy/.m2/repository/org/apache/commons/commons-compress/1.18/commons-compress-1.18.jar:/Users/madan mohan reddy/.m2/repository/org/jsoup/jsoup/1.11.3/jsoup-1.11.3.jar:/Users/madan mohan reddy/.m2/repository/org/testng/testng/6.14.3/testng-6.14.3.jar:/Users/madan mohan reddy/.m2/repository/com/beust/jcommander/1.72/jcommander-1.72.jar:/Users/madan mohan reddy/.m2/repository/org/apache-extras/beanshell/bsh/2.0b6/bsh-2.0b6.jar:/Users/madan mohan reddy/.m2/repository/org/apache/poi/poi/3.9/poi-3.9.jar:/Users/madan mohan reddy/.m2/repository/commons-codec/commons-codec/1.5/commons-codec-1.5.jar:/Users/madan mohan reddy/.m2/repository/org/apache/poi/poi-ooxml/3.9/poi-ooxml-3.9.jar:/Users/madan mohan reddy/.m2/repository/dom4j/dom4j/1.6.1/dom4j-1.6.1.jar:/Users/madan mohan reddy/.m2/repository/xml-apis/xml-apis/1.0.b2/xml-apis-1.0.b2.jar:/Users/madan mohan reddy/.m2/repository/org/apache/poi/poi-ooxml-schemas/3.9/poi-ooxml-schemas-3.9.jar:/Users/madan mohan reddy/.m2/repository/org/apache/xmlbeans/xmlbeans/2.3.0/xmlbeans-2.3.0.jar:/Users/madan mohan reddy/.m2/repository/stax/stax-api/1.0.1/stax-api-1.0.1.jar:/Users/madan mohan reddy/.m2/repository/org/apache/poi/poi-scratchpad/3.9/poi-scratchpad-3.9.jar:/Users/madan mohan reddy/.m2/repository/org/apache/poi/ooxml-schemas/1.1/ooxml-schemas-1.1.jar:/Users/madan mohan reddy/.m2/repository/org/apache/poi/openxml4j/1.0-beta/openxml4j-1.0-beta.jar:/Users/madan mohan reddy/.m2/repository/log4j/log4j/1.2.8/log4j-1.2.8.jar:/Users/madan mohan reddy/.m2/repository/com/aventstack/extentreports/3.1.5/extentreports-3.1.5.jar:/Users/madan mohan reddy/.m2/repository/org/freemarker/freemarker/2.3.23/freemarker-2.3.23.jar:/Users/madan mohan reddy/.m2/repository/org/mongodb/mongodb-driver/3.3.0/mongodb-driver-3.3.0.jar:/Users/madan mohan reddy/.m2/repository/org/mongodb/bson/3.3.0/bson-3.3.0.jar:/Users/madan mohan reddy/.m2/repository/org/mongodb/mongodb-driver-core/3.3.0/mongodb-driver-core-3.3.0.jar:/Users/madan mohan reddy/.m2/repository/org/apache/httpcomponents/httpmime/4.5.2/httpmime-4.5.2.jar:/Users/madan mohan reddy/.m2/repository/io/qameta/allure/allure-testng/2.12.0/allure-testng-2.12.0.jar:/Users/madan mohan reddy/.m2/repository/io/qameta/allure/allure-java-commons/2.12.0/allure-java-commons-2.12.0.jar:/Users/madan mohan reddy/.m2/repository/io/qameta/allure/allure-model/2.12.0/allure-model-2.12.0.jar:/Users/madan mohan reddy/.m2/repository/org/apache/tika/tika-core/1.20/tika-core-1.20.jar:/Users/madan mohan reddy/.m2/repository/org/jooq/joor-java-8/0.9.10/joor-java-8-0.9.10.jar:/Users/madan mohan reddy/.m2/repository/com/tesults/tesults/1.0.1/tesults-1.0.1.jar:/Users/madan mohan reddy/.m2/repository/com/amazonaws/aws-java-sdk-s3/1.11.228/aws-java-sdk-s3-1.11.228.jar:/Users/madan mohan reddy/.m2/repository/com/amazonaws/aws-java-sdk-kms/1.11.228/aws-java-sdk-kms-1.11.228.jar:/Users/madan mohan reddy/.m2/repository/com/amazonaws/aws-java-sdk-core/1.11.228/aws-java-sdk-core-1.11.228.jar:/Users/madan mohan reddy/.m2/repository/software/amazon/ion/ion-java/1.0.2/ion-java-1.0.2.jar:/Users/madan mohan reddy/.m2/repository/com/fasterxml/jackson/dataformat/jackson-dataformat-cbor/2.6.7/jackson-dataformat-cbor-2.6.7.jar:/Users/madan mohan reddy/.m2/repository/joda-time/joda-time/2.8.1/joda-time-2.8.1.jar:/Users/madan mohan reddy/.m2/repository/com/amazonaws/jmespath-java/1.11.228/jmespath-java-1.11.228.jar:/Users/madan mohan reddy/.m2/repository/com/fasterxml/jackson/core/jackson-core/2.9.5/jackson-core-2.9.5.jar:/Users/madan mohan reddy/.m2/repository/com/fasterxml/jackson/core/jackson-annotations/2.9.5/jackson-annotations-2.9.5.jar:/Users/madan mohan reddy/.m2/repository/com/fasterxml/jackson/core/jackson-databind/2.9.5/jackson-databind-2.9.5.jar:/Users/madan mohan reddy/.m2/repository/org/json/json/20171018/json-20171018.jar:"/>
    <property name="sun.cpu.endian" value="little"/>
    <property name="user.home" value="/Users/madan mohan reddy"/>
    <property name="user.language" value="en"/>
    <property name="java.specification.vendor" value="Oracle Corporation"/>
    <property name="java.version.date" value="2018-07-17"/>
    <property name="java.home" value="/Library/Java/JavaVirtualMachines/jdk-10.0.2.jdk/Contents/Home"/>
    <property name="file.separator" value="/"/>
    <property name="basedir" value="/Users/madan mohan reddy/Pictures/agri_group_admin/project"/>
    <property name="java.vm.compressedOopsMode" value="Zero based"/>
    <property name="line.separator" value="&#10;"/>
    <property name="java.specification.name" value="Java Platform API Specification"/>
    <property name="java.vm.specification.vendor" value="Oracle Corporation"/>
    <property name="java.awt.graphicsenv" value="sun.awt.CGraphicsEnvironment"/>
    <property name="surefire.real.class.path" value="/Users/madan mohan reddy/Pictures/agri_group_admin/project/target/surefire/surefirebooter9521651272985919411.jar"/>
    <property name="sun.management.compiler" value="HotSpot 64-Bit Tiered Compilers"/>
    <property name="ftp.nonProxyHosts" value="local|*.local|169.254/16|*.169.254/16|127.0.0.1"/>
    <property name="java.runtime.version" value="10.0.2+13"/>
    <property name="user.name" value="madanmohanreddy"/>
    <property name="path.separator" value=":"/>
    <property name="os.version" value="10.13.6"/>
    <property name="java.runtime.name" value="Java(TM) SE Runtime Environment"/>
    <property name="file.encoding" value="UTF-8"/>
    <property name="java.vm.name" value="Java HotSpot(TM) 64-Bit Server VM"/>
    <property name="java.vendor.version" value="18.3"/>
    <property name="localRepository" value="/Users/madan mohan reddy/.m2/repository"/>
    <property name="java.vendor.url.bug" value="http://bugreport.java.com/bugreport/"/>
    <property name="java.io.tmpdir" value="/var/folders/g2/74qgyh9j32g9bcxy8rxb0v8w0000gn/T/"/>
    <property name="java.version" value="10.0.2"/>
    <property name="user.dir" value="/Users/madan mohan reddy/Pictures/agri_group_admin/project"/>
    <property name="os.arch" value="x86_64"/>
    <property name="java.vm.specification.name" value="Java Virtual Machine Specification"/>
    <property name="java.awt.printerjob" value="sun.lwawt.macosx.CPrinterJob"/>
    <property name="sun.os.patch.level" value="unknown"/>
    <property name="java.library.path" value="/Users/madan mohan reddy/Library/Java/Extensions:/Library/Java/Extensions:/Network/Library/Java/Extensions:/System/Library/Java/Extensions:/usr/lib/java:."/>
    <property name="java.vendor" value="Oracle Corporation"/>
    <property name="java.vm.info" value="mixed mode"/>
    <property name="java.vm.version" value="10.0.2+13"/>
    <property name="sun.io.unicode.encoding" value="UnicodeBig"/>
    <property name="java.class.version" value="54.0"/>
    <property name="socksNonProxyHosts" value="local|*.local|169.254/16|*.169.254/16|127.0.0.1"/>
  </properties>
  <testcase name="test" classname="agri_crop.project.Main" time="17.956">
    <failure message="no such window: window was already closed&#10;  (Session info: chrome=89.0.4389.90)&#10;Build info: version: &apos;3.141.59&apos;, revision: &apos;e82be7d358&apos;, time: &apos;2018-11-14T08:17:03&apos;&#10;System info: host: &apos;mech.local&apos;, ip: &apos;2a02:8084:e83:6480:48c2:13af:ed6b:87f5%en0&apos;, os.name: &apos;Mac OS X&apos;, os.arch: &apos;x86_64&apos;, os.version: &apos;10.13.6&apos;, java.version: &apos;10.0.2&apos;&#10;Driver info: org.openqa.selenium.chrome.ChromeDriver&#10;Capabilities {acceptInsecureCerts: false, browserName: chrome, browserVersion: 89.0.4389.90, chrome: {chromedriverVersion: 89.0.4389.23 (61b08ee2c5002..., userDataDir: /var/folders/g2/74qgyh9j32g...}, goog:chromeOptions: {debuggerAddress: localhost:65360}, javascriptEnabled: true, networkConnectionEnabled: false, pageLoadStrategy: normal, platform: MAC, platformName: MAC, proxy: Proxy(), setWindowRect: true, strictFileInteractability: false, timeouts: {implicit: 0, pageLoad: 300000, script: 30000}, unhandledPromptBehavior: dismiss and notify, webauthn:extension:largeBlob: true, webauthn:virtualAuthenticators: true}&#10;Session ID: d3d146a3be4dcd699a0beb7608cc67ad&#10;*** Element info: {Using=class name, value=menu-text}" type="org.openqa.selenium.NoSuchWindowException"><![CDATA[org.openqa.selenium.NoSuchWindowException: 
no such window: window was already closed
  (Session info: chrome=89.0.4389.90)
Build info: version: '3.141.59', revision: 'e82be7d358', time: '2018-11-14T08:17:03'
System info: host: 'mech.local', ip: '2a02:8084:e83:6480:48c2:13af:ed6b:87f5%en0', os.name: 'Mac OS X', os.arch: 'x86_64', os.version: '10.13.6', java.version: '10.0.2'
Driver info: org.openqa.selenium.chrome.ChromeDriver
Capabilities {acceptInsecureCerts: false, browserName: chrome, browserVersion: 89.0.4389.90, chrome: {chromedriverVersion: 89.0.4389.23 (61b08ee2c5002..., userDataDir: /var/folders/g2/74qgyh9j32g...}, goog:chromeOptions: {debuggerAddress: localhost:65360}, javascriptEnabled: true, networkConnectionEnabled: false, pageLoadStrategy: normal, platform: MAC, platformName: MAC, proxy: Proxy(), setWindowRect: true, strictFileInteractability: false, timeouts: {implicit: 0, pageLoad: 300000, script: 30000}, unhandledPromptBehavior: dismiss and notify, webauthn:extension:largeBlob: true, webauthn:virtualAuthenticators: true}
Session ID: d3d146a3be4dcd699a0beb7608cc67ad
*** Element info: {Using=class name, value=menu-text}
	at agri_crop.project.Main.test(Main.java:73)
]]></failure>
    <system-out><![CDATA[[TestNGContentHandler] [WARN] It is strongly recommended to add "<!DOCTYPE suite SYSTEM "http://testng.org/testng-1.0.dtd" >" at the top of your file, otherwise TestNG may fail or not work as expected.
]]></system-out>
    <system-err><![CDATA[SLF4J: Failed to load class "org.slf4j.impl.StaticLoggerBinder".
SLF4J: Defaulting to no-operation (NOP) logger implementation
SLF4J: See http://www.slf4j.org/codes.html#StaticLoggerBinder for further details.
Starting ChromeDriver 89.0.4389.23 (61b08ee2c50024bab004e48d2b1b083cdbdac579-refs/branch-heads/4389@{#294}) on port 46307
Only local connections are allowed.
Please see https://chromedriver.chromium.org/security-considerations for suggestions on keeping ChromeDriver safe.
ChromeDriver was started successfully.
Mar 20, 2021 9:02:04 PM org.openqa.selenium.remote.ProtocolHandshake createSession
INFO: Detected dialect: W3C
]]></system-err>
  </testcase>
  <testcase name="tearDown[[TestResult name=test status=FAILURE method=Main.test()[pri:0, instance:agri_crop.project.Main@40238dd0] output={null}]](0)" classname="agri_crop.project.Main" time="17.987">
    <failure message="no such window: window was already closed&#10;  (Session info: chrome=89.0.4389.90)&#10;Build info: version: &apos;3.141.59&apos;, revision: &apos;e82be7d358&apos;, time: &apos;2018-11-14T08:17:03&apos;&#10;System info: host: &apos;mech.local&apos;, ip: &apos;2a02:8084:e83:6480:48c2:13af:ed6b:87f5%en0&apos;, os.name: &apos;Mac OS X&apos;, os.arch: &apos;x86_64&apos;, os.version: &apos;10.13.6&apos;, java.version: &apos;10.0.2&apos;&#10;Driver info: org.openqa.selenium.chrome.ChromeDriver&#10;Capabilities {acceptInsecureCerts: false, browserName: chrome, browserVersion: 89.0.4389.90, chrome: {chromedriverVersion: 89.0.4389.23 (61b08ee2c5002..., userDataDir: /var/folders/g2/74qgyh9j32g...}, goog:chromeOptions: {debuggerAddress: localhost:65360}, javascriptEnabled: true, networkConnectionEnabled: false, pageLoadStrategy: normal, platform: MAC, platformName: MAC, proxy: Proxy(), setWindowRect: true, strictFileInteractability: false, timeouts: {implicit: 0, pageLoad: 300000, script: 30000}, unhandledPromptBehavior: dismiss and notify, webauthn:extension:largeBlob: true, webauthn:virtualAuthenticators: true}&#10;Session ID: d3d146a3be4dcd699a0beb7608cc67ad" type="org.openqa.selenium.NoSuchWindowException"><![CDATA[org.openqa.selenium.NoSuchWindowException: 
no such window: window was already closed
  (Session info: chrome=89.0.4389.90)
Build info: version: '3.141.59', revision: 'e82be7d358', time: '2018-11-14T08:17:03'
System info: host: 'mech.local', ip: '2a02:8084:e83:6480:48c2:13af:ed6b:87f5%en0', os.name: 'Mac OS X', os.arch: 'x86_64', os.version: '10.13.6', java.version: '10.0.2'
Driver info: org.openqa.selenium.chrome.ChromeDriver
Capabilities {acceptInsecureCerts: false, browserName: chrome, browserVersion: 89.0.4389.90, chrome: {chromedriverVersion: 89.0.4389.23 (61b08ee2c5002..., userDataDir: /var/folders/g2/74qgyh9j32g...}, goog:chromeOptions: {debuggerAddress: localhost:65360}, javascriptEnabled: true, networkConnectionEnabled: false, pageLoadStrategy: normal, platform: MAC, platformName: MAC, proxy: Proxy(), setWindowRect: true, strictFileInteractability: false, timeouts: {implicit: 0, pageLoad: 300000, script: 30000}, unhandledPromptBehavior: dismiss and notify, webauthn:extension:largeBlob: true, webauthn:virtualAuthenticators: true}
Session ID: d3d146a3be4dcd699a0beb7608cc67ad
	at agri_crop.project.Main.tearDown(Main.java:91)
]]></failure>
  </testcase>
</testsuite>