<?xml version="1.0" encoding="UTF-8"?>
<!-- Generated by org.testng.reporters.JUnitReportReporter -->
<testsuite hostname="mech.local" failures="0" tests="1" name="agri_crop.project.Main" time="46.862" errors="0" timestamp="15 Mar 2021 14:05:15 GMT" skipped="0">
  <testcase classname="agri_crop.project.Main" name="test" time="46.862"/>
</testsuite> <!-- agri_crop.project.Main -->
